#-----------------------------------------------------------
# Vivado v2020.1 (64-bit)
# SW Build 2902540 on Wed May 27 19:54:49 MDT 2020
# IP Build 2902112 on Wed May 27 22:43:36 MDT 2020
# Start of session at: Fri Feb 24 14:16:37 2023
# Process ID: 13340
# Current directory: C:/Users/Curse/Desktop/GPU
# Command line: vivado.exe -gui_launcher_event rodinguilauncherevent11248 C:\Users\Curse\Desktop\GPU\GPU.xpr
# Log file: C:/Users/Curse/Desktop/GPU/vivado.log
# Journal file: C:/Users/Curse/Desktop/GPU\vivado.jou
#-----------------------------------------------------------
start_gui
open_project C:/Users/Curse/Desktop/GPU/GPU.xpr
Scanning sources...
Finished scanning sources
INFO: [IP_Flow 19-234] Refreshing IP repositories
INFO: [IP_Flow 19-1704] No user IP repositories specified
INFO: [IP_Flow 19-2313] Loaded Vivado IP repository 'C:/Xilinx/Vivado/2020.1/data/ip'.
open_project: Time (s): cpu = 00:00:17 ; elapsed = 00:00:14 . Memory (MB): peak = 1022.312 ; gain = 0.000
update_compile_order -fileset sources_1
exit
INFO: [Common 17-206] Exiting Vivado at Fri Feb 24 14:28:24 2023...
