Vivado Simulator 2020.1
Copyright 1986-1999, 2001-2020 Xilinx, Inc. All Rights Reserved.
Running: C:/Xilinx/Vivado/2020.1/bin/unwrapped/win64.o/xelab.exe -wto 589fca98fd244aa6b3da700aace0bbf1 --incr --debug typical --relax --mt 2 -L xil_defaultlib -L unisims_ver -L unimacro_ver -L secureip --snapshot sim_behav xil_defaultlib.sim xil_defaultlib.glbl -log elaborate.log 
Using 2 slave threads.
Starting static elaboration
Pass Through NonSizing Optimizer
WARNING: [VRFC 10-3823] variable 'MEM' might have multiple concurrent drivers [C:/Users/Curse/Desktop/GPU/GPU.srcs/sources_1/new/GPU.sv:360]
WARNING: [VRFC 10-3823] variable 'MEM' might have multiple concurrent drivers [C:/Users/Curse/Desktop/GPU/GPU.srcs/sources_1/new/GPU.sv:361]
WARNING: [VRFC 10-3823] variable 'MEM' might have multiple concurrent drivers [C:/Users/Curse/Desktop/GPU/GPU.srcs/sources_1/new/GPU.sv:362]
WARNING: [VRFC 10-3823] variable 'MEM' might have multiple concurrent drivers [C:/Users/Curse/Desktop/GPU/GPU.srcs/sources_1/new/GPU.sv:363]
WARNING: [VRFC 10-3823] variable 'S_REG_FILE' might have multiple concurrent drivers [C:/Users/Curse/Desktop/GPU/GPU.srcs/sources_1/new/CU.sv:73]
WARNING: [VRFC 10-3823] variable 'MEM' might have multiple concurrent drivers [C:/Users/Curse/Desktop/GPU/GPU.srcs/sources_1/new/CU.sv:75]
WARNING: [VRFC 10-3823] variable 'reset' might have multiple concurrent drivers [C:/Users/Curse/Desktop/GPU/GPU.srcs/sources_1/new/CU.sv:80]
WARNING: [VRFC 10-3823] variable 'S_REG_FILE' might have multiple concurrent drivers [C:/Users/Curse/Desktop/GPU/GPU.srcs/sources_1/new/CU.sv:123]
Completed static elaboration
Starting simulation data flow analysis
Completed simulation data flow analysis
Time Resolution for simulation is 1ps
Compiling package xil_defaultlib.$unit_CU_sv
Compiling module xil_defaultlib.Decode
Compiling module xil_defaultlib.Scalar
Compiling module xil_defaultlib.Thread
Compiling module xil_defaultlib.CU_default
Compiling module xil_defaultlib.GPU
Compiling module xil_defaultlib.sim
Compiling module xil_defaultlib.glbl
Built simulation snapshot sim_behav
